[ 2016-08-25T14:14:16+08:00 ] 127.0.0.1 /favicon.ico
INFO: [ app_init ] --START--
INFO: Run Behavior\BuildLiteBehavior [ RunTime:0.000044s ]
INFO: [ app_init ] --END-- [ RunTime:0.001305s ]
ERR: 无法加载模块:Favicon

[ 2016-08-25T14:14:16+08:00 ] 127.0.0.1 /favicon.ico
INFO: [ app_init ] --START--
INFO: Run Behavior\BuildLiteBehavior [ RunTime:0.000047s ]
INFO: [ app_init ] --END-- [ RunTime:0.001323s ]
ERR: 无法加载模块:Favicon

[ 2016-08-25T14:14:48+08:00 ] 127.0.0.1 /Public/Admin/Js/jquery2.sorted.js
INFO: [ app_init ] --START--
INFO: Run Behavior\BuildLiteBehavior [ RunTime:0.000048s ]
INFO: [ app_init ] --END-- [ RunTime:0.001837s ]
ERR: 无法加载模块:Public

[ 2016-08-25T14:14:49+08:00 ] 127.0.0.1 /Public/Admin/Js/jquery2.sorted.js
INFO: [ app_init ] --START--
INFO: Run Behavior\BuildLiteBehavior [ RunTime:0.000045s ]
INFO: [ app_init ] --END-- [ RunTime:0.001382s ]
ERR: 无法加载模块:Public

[ 2016-08-25T14:15:04+08:00 ] 127.0.0.1 /Public/Admin/Js/jquery2.sorted.js
INFO: [ app_init ] --START--
INFO: Run Behavior\BuildLiteBehavior [ RunTime:0.000048s ]
INFO: [ app_init ] --END-- [ RunTime:0.001538s ]
ERR: 无法加载模块:Public

[ 2016-08-25T14:15:04+08:00 ] 127.0.0.1 /Public/Admin/Js/jquery2.sorted.js
INFO: [ app_init ] --START--
INFO: Run Behavior\BuildLiteBehavior [ RunTime:0.000050s ]
INFO: [ app_init ] --END-- [ RunTime:0.001527s ]
ERR: 无法加载模块:Public

[ 2016-08-25T14:15:07+08:00 ] 127.0.0.1 /Public/Admin/Js/jquery2.sorted.js
INFO: [ app_init ] --START--
INFO: Run Behavior\BuildLiteBehavior [ RunTime:0.000050s ]
INFO: [ app_init ] --END-- [ RunTime:0.001700s ]
ERR: 无法加载模块:Public

[ 2016-08-25T14:15:08+08:00 ] 127.0.0.1 /Public/Admin/Js/jquery2.sorted.js
INFO: [ app_init ] --START--
INFO: Run Behavior\BuildLiteBehavior [ RunTime:0.000047s ]
INFO: [ app_init ] --END-- [ RunTime:0.001350s ]
ERR: 无法加载模块:Public

[ 2016-08-25T14:18:33+08:00 ] 127.0.0.1 /Public/Admin/Js/jquery2.sorted.js
INFO: [ app_init ] --START--
INFO: Run Behavior\BuildLiteBehavior [ RunTime:0.000048s ]
INFO: [ app_init ] --END-- [ RunTime:0.001533s ]
ERR: 无法加载模块:Public

[ 2016-08-25T14:18:34+08:00 ] 127.0.0.1 /Public/Admin/Js/jquery2.sorted.js
INFO: [ app_init ] --START--
INFO: Run Behavior\BuildLiteBehavior [ RunTime:0.000048s ]
INFO: [ app_init ] --END-- [ RunTime:0.001870s ]
ERR: 无法加载模块:Public

[ 2016-08-25T14:18:38+08:00 ] 127.0.0.1 /Public/Admin/Js/jquery2.sorted.js
INFO: [ app_init ] --START--
INFO: Run Behavior\BuildLiteBehavior [ RunTime:0.000049s ]
INFO: [ app_init ] --END-- [ RunTime:0.001879s ]
ERR: 无法加载模块:Public

[ 2016-08-25T14:18:38+08:00 ] 127.0.0.1 /Public/Admin/Js/jquery2.sorted.js
INFO: [ app_init ] --START--
INFO: Run Behavior\BuildLiteBehavior [ RunTime:0.000043s ]
INFO: [ app_init ] --END-- [ RunTime:0.001249s ]
ERR: 无法加载模块:Public

[ 2016-08-25T14:18:51+08:00 ] 127.0.0.1 /Public/Admin/Js/jquery2.sorted.js
INFO: [ app_init ] --START--
INFO: Run Behavior\BuildLiteBehavior [ RunTime:0.000051s ]
INFO: [ app_init ] --END-- [ RunTime:0.001682s ]
ERR: 无法加载模块:Public

[ 2016-08-25T14:18:52+08:00 ] 127.0.0.1 /Public/Admin/Js/jquery2.sorted.js
INFO: [ app_init ] --START--
INFO: Run Behavior\BuildLiteBehavior [ RunTime:0.000048s ]
INFO: [ app_init ] --END-- [ RunTime:0.001495s ]
ERR: 无法加载模块:Public

[ 2016-08-25T14:19:06+08:00 ] 127.0.0.1 /Public/Admin/Js/jquery2.sorted.js
INFO: [ app_init ] --START--
INFO: Run Behavior\BuildLiteBehavior [ RunTime:0.000050s ]
INFO: [ app_init ] --END-- [ RunTime:0.001543s ]
ERR: 无法加载模块:Public

[ 2016-08-25T14:19:07+08:00 ] 127.0.0.1 /Public/Admin/Js/jquery2.sorted.js
INFO: [ app_init ] --START--
INFO: Run Behavior\BuildLiteBehavior [ RunTime:0.000054s ]
INFO: [ app_init ] --END-- [ RunTime:0.001475s ]
ERR: 无法加载模块:Public

[ 2016-08-25T14:20:23+08:00 ] 127.0.0.1 /Public/Admin/Js/jquery2.sorted.js
INFO: [ app_init ] --START--
INFO: Run Behavior\BuildLiteBehavior [ RunTime:0.000046s ]
INFO: [ app_init ] --END-- [ RunTime:0.001361s ]
ERR: 无法加载模块:Public

[ 2016-08-25T14:20:23+08:00 ] 127.0.0.1 /Public/Admin/Js/jquery2.sorted.js
INFO: [ app_init ] --START--
INFO: Run Behavior\BuildLiteBehavior [ RunTime:0.000047s ]
INFO: [ app_init ] --END-- [ RunTime:0.001413s ]
ERR: 无法加载模块:Public

[ 2016-08-25T14:21:05+08:00 ] 127.0.0.1 /Public/Admin/Js/jquery2.sorted.js
INFO: [ app_init ] --START--
INFO: Run Behavior\BuildLiteBehavior [ RunTime:0.000046s ]
INFO: [ app_init ] --END-- [ RunTime:0.001323s ]
ERR: 无法加载模块:Public

[ 2016-08-25T14:21:05+08:00 ] 127.0.0.1 /Public/Admin/Js/jquery2.sorted.js
INFO: [ app_init ] --START--
INFO: Run Behavior\BuildLiteBehavior [ RunTime:0.000043s ]
INFO: [ app_init ] --END-- [ RunTime:0.001232s ]
ERR: 无法加载模块:Public

[ 2016-08-25T14:22:14+08:00 ] 127.0.0.1 /Public/Admin/Js/jquery2.sorted.js
INFO: [ app_init ] --START--
INFO: Run Behavior\BuildLiteBehavior [ RunTime:0.000042s ]
INFO: [ app_init ] --END-- [ RunTime:0.001259s ]
ERR: 无法加载模块:Public

[ 2016-08-25T14:22:15+08:00 ] 127.0.0.1 /Public/Admin/Js/jquery2.sorted.js
INFO: [ app_init ] --START--
INFO: Run Behavior\BuildLiteBehavior [ RunTime:0.000045s ]
INFO: [ app_init ] --END-- [ RunTime:0.001302s ]
ERR: 无法加载模块:Public

[ 2016-08-25T14:22:32+08:00 ] 127.0.0.1 /Public/Admin/Js/jquery2.sorted.js
INFO: [ app_init ] --START--
INFO: Run Behavior\BuildLiteBehavior [ RunTime:0.000048s ]
INFO: [ app_init ] --END-- [ RunTime:0.001376s ]
ERR: 无法加载模块:Public

[ 2016-08-25T14:22:32+08:00 ] 127.0.0.1 /Public/Admin/Js/jquery2.sorted.js
INFO: [ app_init ] --START--
INFO: Run Behavior\BuildLiteBehavior [ RunTime:0.000049s ]
INFO: [ app_init ] --END-- [ RunTime:0.001697s ]
ERR: 无法加载模块:Public

[ 2016-08-25T14:22:35+08:00 ] 127.0.0.1 /Public/Admin/Js/jquery2.sorted.js
INFO: [ app_init ] --START--
INFO: Run Behavior\BuildLiteBehavior [ RunTime:0.000053s ]
INFO: [ app_init ] --END-- [ RunTime:0.001619s ]
ERR: 无法加载模块:Public

[ 2016-08-25T14:22:36+08:00 ] 127.0.0.1 /Public/Admin/Js/jquery2.sorted.js
INFO: [ app_init ] --START--
INFO: Run Behavior\BuildLiteBehavior [ RunTime:0.000070s ]
INFO: [ app_init ] --END-- [ RunTime:0.001344s ]
ERR: 无法加载模块:Public

[ 2016-08-25T14:23:04+08:00 ] 127.0.0.1 /Public/Admin/Js/jquery2.sorted.js
INFO: [ app_init ] --START--
INFO: Run Behavior\BuildLiteBehavior [ RunTime:0.000044s ]
INFO: [ app_init ] --END-- [ RunTime:0.001529s ]
ERR: 无法加载模块:Public

[ 2016-08-25T14:23:05+08:00 ] 127.0.0.1 /Public/Admin/Js/jquery2.sorted.js
INFO: [ app_init ] --START--
INFO: Run Behavior\BuildLiteBehavior [ RunTime:0.000045s ]
INFO: [ app_init ] --END-- [ RunTime:0.001336s ]
ERR: 无法加载模块:Public

[ 2016-08-25T14:23:31+08:00 ] 127.0.0.1 /Public/Admin/Js/jquery2.sorted.js
INFO: [ app_init ] --START--
INFO: Run Behavior\BuildLiteBehavior [ RunTime:0.000045s ]
INFO: [ app_init ] --END-- [ RunTime:0.001333s ]
ERR: 无法加载模块:Public

[ 2016-08-25T14:23:32+08:00 ] 127.0.0.1 /Public/Admin/Js/jquery2.sorted.js
INFO: [ app_init ] --START--
INFO: Run Behavior\BuildLiteBehavior [ RunTime:0.000041s ]
INFO: [ app_init ] --END-- [ RunTime:0.001244s ]
ERR: 无法加载模块:Public

[ 2016-08-25T14:27:01+08:00 ] 127.0.0.1 /Public/Admin/Js/jquery2.sorted.js
INFO: [ app_init ] --START--
INFO: Run Behavior\BuildLiteBehavior [ RunTime:0.000049s ]
INFO: [ app_init ] --END-- [ RunTime:0.001484s ]
ERR: 无法加载模块:Public

[ 2016-08-25T14:27:01+08:00 ] 127.0.0.1 /Public/Admin/Js/jquery2.sorted.js
INFO: [ app_init ] --START--
INFO: Run Behavior\BuildLiteBehavior [ RunTime:0.000046s ]
INFO: [ app_init ] --END-- [ RunTime:0.001284s ]
ERR: 无法加载模块:Public

[ 2016-08-25T14:28:22+08:00 ] 127.0.0.1 /Public/Admin/Js/jquery2.sorted.js
INFO: [ app_init ] --START--
INFO: Run Behavior\BuildLiteBehavior [ RunTime:0.000047s ]
INFO: [ app_init ] --END-- [ RunTime:0.001363s ]
ERR: 无法加载模块:Public

[ 2016-08-25T14:28:23+08:00 ] 127.0.0.1 /Public/Admin/Js/jquery2.sorted.js
INFO: [ app_init ] --START--
INFO: Run Behavior\BuildLiteBehavior [ RunTime:0.000050s ]
INFO: [ app_init ] --END-- [ RunTime:0.001698s ]
ERR: 无法加载模块:Public

[ 2016-08-25T14:29:05+08:00 ] 127.0.0.1 /Public/Admin/Js/jquery2.sorted.js
INFO: [ app_init ] --START--
INFO: Run Behavior\BuildLiteBehavior [ RunTime:0.000048s ]
INFO: [ app_init ] --END-- [ RunTime:0.001513s ]
ERR: 无法加载模块:Public

[ 2016-08-25T14:29:06+08:00 ] 127.0.0.1 /Public/Admin/Js/jquery2.sorted.js
INFO: [ app_init ] --START--
INFO: Run Behavior\BuildLiteBehavior [ RunTime:0.000047s ]
INFO: [ app_init ] --END-- [ RunTime:0.001363s ]
ERR: 无法加载模块:Public

[ 2016-08-25T14:36:05+08:00 ] 127.0.0.1 /Public/Admin/Js/jquery2.sorted.js
INFO: [ app_init ] --START--
INFO: Run Behavior\BuildLiteBehavior [ RunTime:0.000050s ]
INFO: [ app_init ] --END-- [ RunTime:0.001624s ]
ERR: 无法加载模块:Public

[ 2016-08-25T14:36:05+08:00 ] 127.0.0.1 /Public/Admin/Js/jquery2.sorted.js
INFO: [ app_init ] --START--
INFO: Run Behavior\BuildLiteBehavior [ RunTime:0.000046s ]
INFO: [ app_init ] --END-- [ RunTime:0.001330s ]
ERR: 无法加载模块:Public

[ 2016-08-25T14:38:23+08:00 ] 127.0.0.1 /Public/Admin/Js/jquery2.sorted.js
INFO: [ app_init ] --START--
INFO: Run Behavior\BuildLiteBehavior [ RunTime:0.000044s ]
INFO: [ app_init ] --END-- [ RunTime:0.001704s ]
ERR: 无法加载模块:Public

[ 2016-08-25T14:38:24+08:00 ] 127.0.0.1 /Public/Admin/Js/jquery2.sorted.js
INFO: [ app_init ] --START--
INFO: Run Behavior\BuildLiteBehavior [ RunTime:0.000046s ]
INFO: [ app_init ] --END-- [ RunTime:0.001318s ]
ERR: 无法加载模块:Public

[ 2016-08-25T14:39:12+08:00 ] 127.0.0.1 /Public/Admin/Js/jquery2.sorted.js
INFO: [ app_init ] --START--
INFO: Run Behavior\BuildLiteBehavior [ RunTime:0.000050s ]
INFO: [ app_init ] --END-- [ RunTime:0.002453s ]
ERR: 无法加载模块:Public

[ 2016-08-25T14:39:13+08:00 ] 127.0.0.1 /Public/Admin/Js/jquery2.sorted.js
INFO: [ app_init ] --START--
INFO: Run Behavior\BuildLiteBehavior [ RunTime:0.000053s ]
INFO: [ app_init ] --END-- [ RunTime:0.001591s ]
ERR: 无法加载模块:Public

[ 2016-08-25T14:39:17+08:00 ] 127.0.0.1 /Public/Admin/Js/jquery2.sorted.js
INFO: [ app_init ] --START--
INFO: Run Behavior\BuildLiteBehavior [ RunTime:0.000046s ]
INFO: [ app_init ] --END-- [ RunTime:0.001473s ]
ERR: 无法加载模块:Public

[ 2016-08-25T14:39:17+08:00 ] 127.0.0.1 /Public/Admin/Js/jquery2.sorted.js
INFO: [ app_init ] --START--
INFO: Run Behavior\BuildLiteBehavior [ RunTime:0.000046s ]
INFO: [ app_init ] --END-- [ RunTime:0.001349s ]
ERR: 无法加载模块:Public

[ 2016-08-25T14:47:56+08:00 ] 127.0.0.1 /Public/Admin/Js/jquery2.sorted.js
INFO: [ app_init ] --START--
INFO: Run Behavior\BuildLiteBehavior [ RunTime:0.000048s ]
INFO: [ app_init ] --END-- [ RunTime:0.002305s ]
ERR: 无法加载模块:Public

[ 2016-08-25T14:47:56+08:00 ] 127.0.0.1 /Public/Admin/Js/jquery2.sorted.js
INFO: [ app_init ] --START--
INFO: Run Behavior\BuildLiteBehavior [ RunTime:0.000047s ]
INFO: [ app_init ] --END-- [ RunTime:0.001345s ]
ERR: 无法加载模块:Public

[ 2016-08-25T14:50:30+08:00 ] 127.0.0.1 /Public/Admin/Js/jquery2.sorted.js
INFO: [ app_init ] --START--
INFO: Run Behavior\BuildLiteBehavior [ RunTime:0.000048s ]
INFO: [ app_init ] --END-- [ RunTime:0.001509s ]
ERR: 无法加载模块:Public

[ 2016-08-25T14:50:31+08:00 ] 127.0.0.1 /Public/Admin/Js/jquery2.sorted.js
INFO: [ app_init ] --START--
INFO: Run Behavior\BuildLiteBehavior [ RunTime:0.000046s ]
INFO: [ app_init ] --END-- [ RunTime:0.001540s ]
ERR: 无法加载模块:Public

[ 2016-08-25T15:00:01+08:00 ] 127.0.0.1 /Public/Admin/Js/jquery2.sorted.js
INFO: [ app_init ] --START--
INFO: Run Behavior\BuildLiteBehavior [ RunTime:0.000051s ]
INFO: [ app_init ] --END-- [ RunTime:0.001761s ]
ERR: 无法加载模块:Public

[ 2016-08-25T15:00:02+08:00 ] 127.0.0.1 /Public/Admin/Js/jquery2.sorted.js
INFO: [ app_init ] --START--
INFO: Run Behavior\BuildLiteBehavior [ RunTime:0.000048s ]
INFO: [ app_init ] --END-- [ RunTime:0.001447s ]
ERR: 无法加载模块:Public

[ 2016-08-25T15:00:11+08:00 ] 127.0.0.1 /Public/Admin/Js/jquery2.sorted.js
INFO: [ app_init ] --START--
INFO: Run Behavior\BuildLiteBehavior [ RunTime:0.000045s ]
INFO: [ app_init ] --END-- [ RunTime:0.001313s ]
ERR: 无法加载模块:Public

[ 2016-08-25T15:00:11+08:00 ] 127.0.0.1 /Public/Admin/Js/jquery2.sorted.js
INFO: [ app_init ] --START--
INFO: Run Behavior\BuildLiteBehavior [ RunTime:0.000045s ]
INFO: [ app_init ] --END-- [ RunTime:0.001355s ]
ERR: 无法加载模块:Public

[ 2016-08-25T18:28:41+08:00 ] 127.0.0.1 /Public/Admin/Js/jquery2.sorted.js
INFO: [ app_init ] --START--
INFO: Run Behavior\BuildLiteBehavior [ RunTime:0.000048s ]
INFO: [ app_init ] --END-- [ RunTime:0.001486s ]
ERR: 无法加载模块:Public

[ 2016-08-25T18:28:45+08:00 ] 127.0.0.1 /Public/Admin/Js/jquery2.sorted.js
INFO: [ app_init ] --START--
INFO: Run Behavior\BuildLiteBehavior [ RunTime:0.000047s ]
INFO: [ app_init ] --END-- [ RunTime:0.001341s ]
ERR: 无法加载模块:Public

[ 2016-08-25T18:28:45+08:00 ] 127.0.0.1 /Public/Admin/Js/jquery2.sorted.js
INFO: [ app_init ] --START--
INFO: Run Behavior\BuildLiteBehavior [ RunTime:0.000069s ]
INFO: [ app_init ] --END-- [ RunTime:0.002485s ]
ERR: 无法加载模块:Public

[ 2016-08-25T18:28:54+08:00 ] 127.0.0.1 /Public/Admin/Js/jquery2.sorted.js
INFO: [ app_init ] --START--
INFO: Run Behavior\BuildLiteBehavior [ RunTime:0.000047s ]
INFO: [ app_init ] --END-- [ RunTime:0.001368s ]
ERR: 无法加载模块:Public

[ 2016-08-25T18:28:55+08:00 ] 127.0.0.1 /Public/Admin/Js/jquery2.sorted.js
INFO: [ app_init ] --START--
INFO: Run Behavior\BuildLiteBehavior [ RunTime:0.000053s ]
INFO: [ app_init ] --END-- [ RunTime:0.001629s ]
ERR: 无法加载模块:Public

