[ 2016-08-29T20:22:15+08:00 ] 127.0.0.1 /favicon.ico
INFO: [ app_init ] --START--
INFO: Run Behavior\BuildLiteBehavior [ RunTime:0.000046s ]
INFO: [ app_init ] --END-- [ RunTime:0.005437s ]
ERR: 无法加载模块:Favicon

[ 2016-08-29T20:22:20+08:00 ] 127.0.0.1 /Public/Admin/images/login_img.png
INFO: [ app_init ] --START--
INFO: Run Behavior\BuildLiteBehavior [ RunTime:0.000048s ]
INFO: [ app_init ] --END-- [ RunTime:0.001669s ]
ERR: 无法加载模块:Public

[ 2016-08-29T20:22:20+08:00 ] 127.0.0.1 /Public/Admin/images/login_logo.png
INFO: [ app_init ] --START--
INFO: Run Behavior\BuildLiteBehavior [ RunTime:0.000056s ]
INFO: [ app_init ] --END-- [ RunTime:0.001822s ]
ERR: 无法加载模块:Public

[ 2016-08-29T20:22:53+08:00 ] 127.0.0.1 /favicon.ico
INFO: [ app_init ] --START--
INFO: Run Behavior\BuildLiteBehavior [ RunTime:0.000057s ]
INFO: [ app_init ] --END-- [ RunTime:0.004691s ]
ERR: 无法加载模块:Favicon

[ 2016-08-29T22:13:36+08:00 ] 127.0.0.1 /favicon.ico
INFO: [ app_init ] --START--
INFO: Run Behavior\BuildLiteBehavior [ RunTime:0.000435s ]
INFO: [ app_init ] --END-- [ RunTime:0.037839s ]
ERR: 无法加载模块:Favicon

