[ 2016-08-31T15:26:32+08:00 ] 127.0.0.1 /favicon.ico
INFO: [ app_init ] --START--
INFO: Run Behavior\BuildLiteBehavior [ RunTime:0.000056s ]
INFO: [ app_init ] --END-- [ RunTime:0.049988s ]
ERR: 无法加载模块:Favicon

[ 2016-08-31T15:26:39+08:00 ] 127.0.0.1 /Public/Admin/images/login_img.png
INFO: [ app_init ] --START--
INFO: Run Behavior\BuildLiteBehavior [ RunTime:0.000046s ]
INFO: [ app_init ] --END-- [ RunTime:0.001538s ]
ERR: 无法加载模块:Public

[ 2016-08-31T15:26:39+08:00 ] 127.0.0.1 /Public/Admin/images/login_logo.png
INFO: [ app_init ] --START--
INFO: Run Behavior\BuildLiteBehavior [ RunTime:0.000049s ]
INFO: [ app_init ] --END-- [ RunTime:0.001573s ]
ERR: 无法加载模块:Public

[ 2016-08-31T15:58:40+08:00 ] 127.0.0.1 /favicon.ico
INFO: [ app_init ] --START--
INFO: Run Behavior\BuildLiteBehavior [ RunTime:0.000051s ]
INFO: [ app_init ] --END-- [ RunTime:0.002191s ]
ERR: 无法加载模块:Favicon

[ 2016-08-31T16:01:21+08:00 ] 127.0.0.1 /Public/Admin/images/login_logo.png
INFO: [ app_init ] --START--
INFO: Run Behavior\BuildLiteBehavior [ RunTime:0.000048s ]
INFO: [ app_init ] --END-- [ RunTime:0.002146s ]
ERR: 无法加载模块:Public

[ 2016-08-31T16:01:21+08:00 ] 127.0.0.1 /Public/Admin/images/login_img.png
INFO: [ app_init ] --START--
INFO: Run Behavior\BuildLiteBehavior [ RunTime:0.000056s ]
INFO: [ app_init ] --END-- [ RunTime:0.002306s ]
ERR: 无法加载模块:Public

[ 2016-08-31T16:05:28+08:00 ] 127.0.0.1 /Public/Admin/images/login_logo.png
INFO: [ app_init ] --START--
INFO: Run Behavior\BuildLiteBehavior [ RunTime:0.000047s ]
INFO: [ app_init ] --END-- [ RunTime:0.001682s ]
ERR: 无法加载模块:Public

[ 2016-08-31T16:05:28+08:00 ] 127.0.0.1 /Public/Admin/images/login_img.png
INFO: [ app_init ] --START--
INFO: Run Behavior\BuildLiteBehavior [ RunTime:0.000048s ]
INFO: [ app_init ] --END-- [ RunTime:0.001628s ]
ERR: 无法加载模块:Public

[ 2016-08-31T16:06:16+08:00 ] 127.0.0.1 /Public/Admin/images/login_logo.png
INFO: [ app_init ] --START--
INFO: Run Behavior\BuildLiteBehavior [ RunTime:0.000047s ]
INFO: [ app_init ] --END-- [ RunTime:0.001589s ]
ERR: 无法加载模块:Public

[ 2016-08-31T16:06:16+08:00 ] 127.0.0.1 /Public/Admin/images/login_img.png
INFO: [ app_init ] --START--
INFO: Run Behavior\BuildLiteBehavior [ RunTime:0.000051s ]
INFO: [ app_init ] --END-- [ RunTime:0.001799s ]
ERR: 无法加载模块:Public

[ 2016-08-31T16:07:07+08:00 ] 127.0.0.1 /Public/Admin/images/login_img.png
INFO: [ app_init ] --START--
INFO: Run Behavior\BuildLiteBehavior [ RunTime:0.000050s ]
INFO: [ app_init ] --END-- [ RunTime:0.001655s ]
ERR: 无法加载模块:Public

[ 2016-08-31T16:07:07+08:00 ] 127.0.0.1 /Public/Admin/images/login_logo.png
INFO: [ app_init ] --START--
INFO: Run Behavior\BuildLiteBehavior [ RunTime:0.000042s ]
INFO: [ app_init ] --END-- [ RunTime:0.001977s ]
ERR: 无法加载模块:Public

[ 2016-08-31T16:07:33+08:00 ] 127.0.0.1 /Public/Admin/images/login_logo.png
INFO: [ app_init ] --START--
INFO: Run Behavior\BuildLiteBehavior [ RunTime:0.000048s ]
INFO: [ app_init ] --END-- [ RunTime:0.002270s ]
ERR: 无法加载模块:Public

[ 2016-08-31T16:07:33+08:00 ] 127.0.0.1 /Public/Admin/images/login_img.png
INFO: [ app_init ] --START--
INFO: Run Behavior\BuildLiteBehavior [ RunTime:0.000048s ]
INFO: [ app_init ] --END-- [ RunTime:0.001761s ]
ERR: 无法加载模块:Public

[ 2016-08-31T16:07:56+08:00 ] 127.0.0.1 /Public/Admin/images/login_logo.png
INFO: [ app_init ] --START--
INFO: Run Behavior\BuildLiteBehavior [ RunTime:0.002536s ]
INFO: [ app_init ] --END-- [ RunTime:0.005301s ]
ERR: 无法加载模块:Public

[ 2016-08-31T16:07:56+08:00 ] 127.0.0.1 /Public/Admin/images/login_img.png
INFO: [ app_init ] --START--
INFO: Run Behavior\BuildLiteBehavior [ RunTime:0.000045s ]
INFO: [ app_init ] --END-- [ RunTime:0.001496s ]
ERR: 无法加载模块:Public

[ 2016-08-31T16:08:48+08:00 ] 127.0.0.1 /Public/Admin/images/login_logo.png
INFO: [ app_init ] --START--
INFO: Run Behavior\BuildLiteBehavior [ RunTime:0.000046s ]
INFO: [ app_init ] --END-- [ RunTime:0.001582s ]
ERR: 无法加载模块:Public

[ 2016-08-31T16:08:48+08:00 ] 127.0.0.1 /Public/Admin/images/login_img.png
INFO: [ app_init ] --START--
INFO: Run Behavior\BuildLiteBehavior [ RunTime:0.000047s ]
INFO: [ app_init ] --END-- [ RunTime:0.001544s ]
ERR: 无法加载模块:Public

[ 2016-08-31T16:09:21+08:00 ] 127.0.0.1 /Public/Admin/images/login_logo.png
INFO: [ app_init ] --START--
INFO: Run Behavior\BuildLiteBehavior [ RunTime:0.000049s ]
INFO: [ app_init ] --END-- [ RunTime:0.001537s ]
ERR: 无法加载模块:Public

[ 2016-08-31T16:09:21+08:00 ] 127.0.0.1 /Public/Admin/images/login_img.png
INFO: [ app_init ] --START--
INFO: Run Behavior\BuildLiteBehavior [ RunTime:0.000057s ]
INFO: [ app_init ] --END-- [ RunTime:0.001856s ]
ERR: 无法加载模块:Public

[ 2016-08-31T16:09:31+08:00 ] 127.0.0.1 /Public/Admin/images/login_logo.png
INFO: [ app_init ] --START--
INFO: Run Behavior\BuildLiteBehavior [ RunTime:0.000051s ]
INFO: [ app_init ] --END-- [ RunTime:0.001540s ]
ERR: 无法加载模块:Public

[ 2016-08-31T16:09:31+08:00 ] 127.0.0.1 /Public/Admin/images/login_img.png
INFO: [ app_init ] --START--
INFO: Run Behavior\BuildLiteBehavior [ RunTime:0.000049s ]
INFO: [ app_init ] --END-- [ RunTime:0.001571s ]
ERR: 无法加载模块:Public

[ 2016-08-31T16:12:36+08:00 ] 127.0.0.1 /favicon.ico
INFO: [ app_init ] --START--
INFO: Run Behavior\BuildLiteBehavior [ RunTime:0.000043s ]
INFO: [ app_init ] --END-- [ RunTime:0.001560s ]
ERR: 无法加载模块:Favicon

[ 2016-08-31T16:12:50+08:00 ] 127.0.0.1 /Public/Admin/images/login_logo.png
INFO: [ app_init ] --START--
INFO: Run Behavior\BuildLiteBehavior [ RunTime:0.000047s ]
INFO: [ app_init ] --END-- [ RunTime:0.001908s ]
ERR: 无法加载模块:Public

[ 2016-08-31T16:12:50+08:00 ] 127.0.0.1 /Public/Admin/images/login_img.png
INFO: [ app_init ] --START--
INFO: Run Behavior\BuildLiteBehavior [ RunTime:0.000057s ]
INFO: [ app_init ] --END-- [ RunTime:0.002617s ]
ERR: 无法加载模块:Public

[ 2016-08-31T16:16:06+08:00 ] 127.0.0.1 /Public/Admin/images/login_logo.png
INFO: [ app_init ] --START--
INFO: Run Behavior\BuildLiteBehavior [ RunTime:0.000089s ]
INFO: [ app_init ] --END-- [ RunTime:0.001762s ]
ERR: 无法加载模块:Public

[ 2016-08-31T16:16:06+08:00 ] 127.0.0.1 /Public/Admin/images/login_img.png
INFO: [ app_init ] --START--
INFO: Run Behavior\BuildLiteBehavior [ RunTime:0.000061s ]
INFO: [ app_init ] --END-- [ RunTime:0.002077s ]
ERR: 无法加载模块:Public

[ 2016-08-31T16:19:25+08:00 ] 127.0.0.1 /Public/Admin/images/login_img.png
INFO: [ app_init ] --START--
INFO: Run Behavior\BuildLiteBehavior [ RunTime:0.000051s ]
INFO: [ app_init ] --END-- [ RunTime:0.001686s ]
ERR: 无法加载模块:Public

[ 2016-08-31T16:19:25+08:00 ] 127.0.0.1 /Public/Admin/images/login_logo.png
INFO: [ app_init ] --START--
INFO: Run Behavior\BuildLiteBehavior [ RunTime:0.000049s ]
INFO: [ app_init ] --END-- [ RunTime:0.001858s ]
ERR: 无法加载模块:Public

[ 2016-08-31T16:19:28+08:00 ] 127.0.0.1 /Public/Admin/images/login_logo.png
INFO: [ app_init ] --START--
INFO: Run Behavior\BuildLiteBehavior [ RunTime:0.000048s ]
INFO: [ app_init ] --END-- [ RunTime:0.001762s ]
ERR: 无法加载模块:Public

[ 2016-08-31T16:19:28+08:00 ] 127.0.0.1 /Public/Admin/images/login_img.png
INFO: [ app_init ] --START--
INFO: Run Behavior\BuildLiteBehavior [ RunTime:0.000044s ]
INFO: [ app_init ] --END-- [ RunTime:0.002117s ]
ERR: 无法加载模块:Public

[ 2016-08-31T16:21:05+08:00 ] 127.0.0.1 /Public/Admin/images/login_img.png
INFO: [ app_init ] --START--
INFO: Run Behavior\BuildLiteBehavior [ RunTime:0.000053s ]
INFO: [ app_init ] --END-- [ RunTime:0.001771s ]
ERR: 无法加载模块:Public

[ 2016-08-31T16:21:05+08:00 ] 127.0.0.1 /Public/Admin/images/login_logo.png
INFO: [ app_init ] --START--
INFO: Run Behavior\BuildLiteBehavior [ RunTime:0.000055s ]
INFO: [ app_init ] --END-- [ RunTime:0.002864s ]
ERR: 无法加载模块:Public

[ 2016-08-31T16:21:09+08:00 ] 127.0.0.1 /Public/Admin/images/login_logo.png
INFO: [ app_init ] --START--
INFO: Run Behavior\BuildLiteBehavior [ RunTime:0.000048s ]
INFO: [ app_init ] --END-- [ RunTime:0.001560s ]
ERR: 无法加载模块:Public

[ 2016-08-31T16:21:11+08:00 ] 127.0.0.1 /Public/Admin/images/login_img.png
INFO: [ app_init ] --START--
INFO: Run Behavior\BuildLiteBehavior [ RunTime:0.000050s ]
INFO: [ app_init ] --END-- [ RunTime:0.001706s ]
ERR: 无法加载模块:Public

[ 2016-08-31T16:21:11+08:00 ] 127.0.0.1 /Public/Admin/images/login_logo.png
INFO: [ app_init ] --START--
INFO: Run Behavior\BuildLiteBehavior [ RunTime:0.000051s ]
INFO: [ app_init ] --END-- [ RunTime:0.001706s ]
ERR: 无法加载模块:Public

[ 2016-08-31T16:21:50+08:00 ] 127.0.0.1 /Public/Admin/images/login_logo.png
INFO: [ app_init ] --START--
INFO: Run Behavior\BuildLiteBehavior [ RunTime:0.000047s ]
INFO: [ app_init ] --END-- [ RunTime:0.001483s ]
ERR: 无法加载模块:Public

[ 2016-08-31T16:21:50+08:00 ] 127.0.0.1 /Public/Admin/images/login_img.png
INFO: [ app_init ] --START--
INFO: Run Behavior\BuildLiteBehavior [ RunTime:0.000052s ]
INFO: [ app_init ] --END-- [ RunTime:0.002290s ]
ERR: 无法加载模块:Public

[ 2016-08-31T16:21:52+08:00 ] 127.0.0.1 /Public/Admin/images/login_img.png
INFO: [ app_init ] --START--
INFO: Run Behavior\BuildLiteBehavior [ RunTime:0.000060s ]
INFO: [ app_init ] --END-- [ RunTime:0.001670s ]
ERR: 无法加载模块:Public

[ 2016-08-31T16:21:52+08:00 ] 127.0.0.1 /Public/Admin/images/login_logo.png
INFO: [ app_init ] --START--
INFO: Run Behavior\BuildLiteBehavior [ RunTime:0.000047s ]
INFO: [ app_init ] --END-- [ RunTime:0.011799s ]
ERR: 无法加载模块:Public

[ 2016-08-31T16:22:28+08:00 ] 127.0.0.1 /Public/Admin/images/login_img.png
INFO: [ app_init ] --START--
INFO: Run Behavior\BuildLiteBehavior [ RunTime:0.000048s ]
INFO: [ app_init ] --END-- [ RunTime:0.001533s ]
ERR: 无法加载模块:Public

[ 2016-08-31T16:22:28+08:00 ] 127.0.0.1 /Public/Admin/images/login_logo.png
INFO: [ app_init ] --START--
INFO: Run Behavior\BuildLiteBehavior [ RunTime:0.000051s ]
INFO: [ app_init ] --END-- [ RunTime:0.001812s ]
ERR: 无法加载模块:Public

[ 2016-08-31T16:23:12+08:00 ] 127.0.0.1 /Public/Admin/images/login_img.png
INFO: [ app_init ] --START--
INFO: Run Behavior\BuildLiteBehavior [ RunTime:0.000046s ]
INFO: [ app_init ] --END-- [ RunTime:0.001455s ]
ERR: 无法加载模块:Public

[ 2016-08-31T16:23:12+08:00 ] 127.0.0.1 /Public/Admin/images/login_logo.png
INFO: [ app_init ] --START--
INFO: Run Behavior\BuildLiteBehavior [ RunTime:0.000048s ]
INFO: [ app_init ] --END-- [ RunTime:0.001628s ]
ERR: 无法加载模块:Public

[ 2016-08-31T16:23:13+08:00 ] 127.0.0.1 /favicon.ico
INFO: [ app_init ] --START--
INFO: Run Behavior\BuildLiteBehavior [ RunTime:0.000046s ]
INFO: [ app_init ] --END-- [ RunTime:0.001376s ]
ERR: 无法加载模块:Favicon

[ 2016-08-31T16:25:02+08:00 ] 127.0.0.1 /favicon.ico
INFO: [ app_init ] --START--
INFO: Run Behavior\BuildLiteBehavior [ RunTime:0.000045s ]
INFO: [ app_init ] --END-- [ RunTime:0.001740s ]
ERR: 无法加载模块:Favicon

[ 2016-08-31T16:25:09+08:00 ] 127.0.0.1 /Public/Admin/images/login_img.png
INFO: [ app_init ] --START--
INFO: Run Behavior\BuildLiteBehavior [ RunTime:0.000048s ]
INFO: [ app_init ] --END-- [ RunTime:0.001635s ]
ERR: 无法加载模块:Public

[ 2016-08-31T16:25:09+08:00 ] 127.0.0.1 /Public/Admin/images/login_logo.png
INFO: [ app_init ] --START--
INFO: Run Behavior\BuildLiteBehavior [ RunTime:0.000113s ]
INFO: [ app_init ] --END-- [ RunTime:0.003034s ]
ERR: 无法加载模块:Public

[ 2016-08-31T16:25:45+08:00 ] 127.0.0.1 /Public/Admin/images/login_img.png
INFO: [ app_init ] --START--
INFO: Run Behavior\BuildLiteBehavior [ RunTime:0.000048s ]
INFO: [ app_init ] --END-- [ RunTime:0.001709s ]
ERR: 无法加载模块:Public

[ 2016-08-31T16:25:45+08:00 ] 127.0.0.1 /Public/Admin/images/login_logo.png
INFO: [ app_init ] --START--
INFO: Run Behavior\BuildLiteBehavior [ RunTime:0.000052s ]
INFO: [ app_init ] --END-- [ RunTime:0.014746s ]
ERR: 无法加载模块:Public

[ 2016-08-31T16:25:51+08:00 ] 127.0.0.1 /Public/Admin/images/login_img.png
INFO: [ app_init ] --START--
INFO: Run Behavior\BuildLiteBehavior [ RunTime:0.000047s ]
INFO: [ app_init ] --END-- [ RunTime:0.001741s ]
ERR: 无法加载模块:Public

[ 2016-08-31T16:25:51+08:00 ] 127.0.0.1 /Public/Admin/images/login_logo.png
INFO: [ app_init ] --START--
INFO: Run Behavior\BuildLiteBehavior [ RunTime:0.000047s ]
INFO: [ app_init ] --END-- [ RunTime:0.001898s ]
ERR: 无法加载模块:Public

[ 2016-08-31T16:25:57+08:00 ] 127.0.0.1 /Public/Admin/images/login_logo.png
INFO: [ app_init ] --START--
INFO: Run Behavior\BuildLiteBehavior [ RunTime:0.000046s ]
INFO: [ app_init ] --END-- [ RunTime:0.001767s ]
ERR: 无法加载模块:Public

[ 2016-08-31T16:25:57+08:00 ] 127.0.0.1 /Public/Admin/images/login_img.png
INFO: [ app_init ] --START--
INFO: Run Behavior\BuildLiteBehavior [ RunTime:0.000048s ]
INFO: [ app_init ] --END-- [ RunTime:0.002134s ]
ERR: 无法加载模块:Public

[ 2016-08-31T16:27:30+08:00 ] 127.0.0.1 /Public/Admin/images/login_img.png
INFO: [ app_init ] --START--
INFO: Run Behavior\BuildLiteBehavior [ RunTime:0.000048s ]
INFO: [ app_init ] --END-- [ RunTime:0.001751s ]
ERR: 无法加载模块:Public

[ 2016-08-31T16:27:30+08:00 ] 127.0.0.1 /Public/Admin/images/login_logo.png
INFO: [ app_init ] --START--
INFO: Run Behavior\BuildLiteBehavior [ RunTime:0.000047s ]
INFO: [ app_init ] --END-- [ RunTime:0.002241s ]
ERR: 无法加载模块:Public

[ 2016-08-31T16:27:34+08:00 ] 127.0.0.1 /Public/Admin/images/login_img.png
INFO: [ app_init ] --START--
INFO: Run Behavior\BuildLiteBehavior [ RunTime:0.000047s ]
INFO: [ app_init ] --END-- [ RunTime:0.001473s ]
ERR: 无法加载模块:Public

[ 2016-08-31T16:27:34+08:00 ] 127.0.0.1 /Public/Admin/images/login_logo.png
INFO: [ app_init ] --START--
INFO: Run Behavior\BuildLiteBehavior [ RunTime:0.000126s ]
INFO: [ app_init ] --END-- [ RunTime:0.002889s ]
ERR: 无法加载模块:Public

[ 2016-08-31T16:34:18+08:00 ] 127.0.0.1 /favicon.ico
INFO: [ app_init ] --START--
INFO: Run Behavior\BuildLiteBehavior [ RunTime:0.000054s ]
INFO: [ app_init ] --END-- [ RunTime:0.064505s ]
ERR: 无法加载模块:Favicon

[ 2016-08-31T16:34:24+08:00 ] 127.0.0.1 /Public/Admin/images/login_img.png
INFO: [ app_init ] --START--
INFO: Run Behavior\BuildLiteBehavior [ RunTime:0.000051s ]
INFO: [ app_init ] --END-- [ RunTime:0.001735s ]
ERR: 无法加载模块:Public

[ 2016-08-31T16:34:24+08:00 ] 127.0.0.1 /Public/Admin/images/login_logo.png
INFO: [ app_init ] --START--
INFO: Run Behavior\BuildLiteBehavior [ RunTime:0.000053s ]
INFO: [ app_init ] --END-- [ RunTime:0.001957s ]
ERR: 无法加载模块:Public

[ 2016-08-31T16:34:37+08:00 ] 127.0.0.1 /Public/Admin/images/login_img.png
INFO: [ app_init ] --START--
INFO: Run Behavior\BuildLiteBehavior [ RunTime:0.000057s ]
INFO: [ app_init ] --END-- [ RunTime:0.003044s ]
ERR: 无法加载模块:Public

[ 2016-08-31T16:34:37+08:00 ] 127.0.0.1 /Public/Admin/images/login_logo.png
INFO: [ app_init ] --START--
INFO: Run Behavior\BuildLiteBehavior [ RunTime:0.000046s ]
INFO: [ app_init ] --END-- [ RunTime:0.004849s ]
ERR: 无法加载模块:Public

[ 2016-08-31T16:36:25+08:00 ] 127.0.0.1 /Public/Admin/images/login_img.png
INFO: [ app_init ] --START--
INFO: Run Behavior\BuildLiteBehavior [ RunTime:0.000050s ]
INFO: [ app_init ] --END-- [ RunTime:0.001719s ]
ERR: 无法加载模块:Public

[ 2016-08-31T16:36:25+08:00 ] 127.0.0.1 /Public/Admin/images/login_logo.png
INFO: [ app_init ] --START--
INFO: Run Behavior\BuildLiteBehavior [ RunTime:0.000047s ]
INFO: [ app_init ] --END-- [ RunTime:0.001680s ]
ERR: 无法加载模块:Public

[ 2016-08-31T16:36:27+08:00 ] 127.0.0.1 /Public/Admin/images/login_img.png
INFO: [ app_init ] --START--
INFO: Run Behavior\BuildLiteBehavior [ RunTime:0.000049s ]
INFO: [ app_init ] --END-- [ RunTime:0.001733s ]
ERR: 无法加载模块:Public

[ 2016-08-31T16:36:27+08:00 ] 127.0.0.1 /Public/Admin/images/login_logo.png
INFO: [ app_init ] --START--
INFO: Run Behavior\BuildLiteBehavior [ RunTime:0.000050s ]
INFO: [ app_init ] --END-- [ RunTime:0.001694s ]
ERR: 无法加载模块:Public

[ 2016-08-31T16:36:28+08:00 ] 127.0.0.1 /favicon.ico
INFO: [ app_init ] --START--
INFO: Run Behavior\BuildLiteBehavior [ RunTime:0.000049s ]
INFO: [ app_init ] --END-- [ RunTime:0.001546s ]
ERR: 无法加载模块:Favicon

[ 2016-08-31T16:40:08+08:00 ] 127.0.0.1 /Public/Admin/images/login_img.png
INFO: [ app_init ] --START--
INFO: Run Behavior\BuildLiteBehavior [ RunTime:0.000048s ]
INFO: [ app_init ] --END-- [ RunTime:0.001472s ]
ERR: 无法加载模块:Public

[ 2016-08-31T16:40:08+08:00 ] 127.0.0.1 /Public/Admin/images/login_logo.png
INFO: [ app_init ] --START--
INFO: Run Behavior\BuildLiteBehavior [ RunTime:0.000049s ]
INFO: [ app_init ] --END-- [ RunTime:0.001857s ]
ERR: 无法加载模块:Public

[ 2016-08-31T16:40:39+08:00 ] 127.0.0.1 /Public/Admin/images/login_img.png
INFO: [ app_init ] --START--
INFO: Run Behavior\BuildLiteBehavior [ RunTime:0.000058s ]
INFO: [ app_init ] --END-- [ RunTime:0.001730s ]
ERR: 无法加载模块:Public

[ 2016-08-31T16:40:39+08:00 ] 127.0.0.1 /Public/Admin/images/login_logo.png
INFO: [ app_init ] --START--
INFO: Run Behavior\BuildLiteBehavior [ RunTime:0.000048s ]
INFO: [ app_init ] --END-- [ RunTime:0.001945s ]
ERR: 无法加载模块:Public

[ 2016-08-31T16:42:20+08:00 ] 127.0.0.1 /Public/Admin/images/login_img.png
INFO: [ app_init ] --START--
INFO: Run Behavior\BuildLiteBehavior [ RunTime:0.000051s ]
INFO: [ app_init ] --END-- [ RunTime:0.001642s ]
ERR: 无法加载模块:Public

[ 2016-08-31T16:42:20+08:00 ] 127.0.0.1 /Public/Admin/images/login_logo.png
INFO: [ app_init ] --START--
INFO: Run Behavior\BuildLiteBehavior [ RunTime:0.000049s ]
INFO: [ app_init ] --END-- [ RunTime:0.002480s ]
ERR: 无法加载模块:Public

